{"/home/saurab/Desktop/Blinkist-React-App/blinkist/src/App.tsx": {"path":"/home/saurab/Desktop/Blinkist-React-App/blinkist/src/App.tsx","statementMap":{"0":{"start":{"line":11,"column":2},"end":{"line":21,"column":4}}},"fnMap":{"0":{"name":"App","decl":{"start":{"line":9,"column":9},"end":{"line":9,"column":12}},"loc":{"start":{"line":9,"column":15},"end":{"line":22,"column":1}},"line":9}},"branchMap":{},"s":{"0":0},"f":{"0":0},"b":{}}
,"/home/saurab/Desktop/Blinkist-React-App/blinkist/src/index.tsx": {"path":"/home/saurab/Desktop/Blinkist-React-App/blinkist/src/index.tsx","statementMap":{"0":{"start":{"line":7,"column":13},"end":{"line":9,"column":1}},"1":{"start":{"line":10,"column":0},"end":{"line":14,"column":2}},"2":{"start":{"line":19,"column":0},"end":{"line":19,"column":18}}},"fnMap":{},"branchMap":{},"s":{"0":0,"1":0,"2":0},"f":{},"b":{}}
,"/home/saurab/Desktop/Blinkist-React-App/blinkist/src/react-app-env.d.ts": {"path":"/home/saurab/Desktop/Blinkist-React-App/blinkist/src/react-app-env.d.ts","statementMap":{},"fnMap":{},"branchMap":{},"s":{},"f":{},"b":{}}
,"/home/saurab/Desktop/Blinkist-React-App/blinkist/src/reportWebVitals.ts": {"path":"/home/saurab/Desktop/Blinkist-React-App/blinkist/src/reportWebVitals.ts","statementMap":{"0":{"start":{"line":3,"column":24},"end":{"line":13,"column":1}},"1":{"start":{"line":4,"column":2},"end":{"line":12,"column":3}},"2":{"start":{"line":5,"column":4},"end":{"line":11,"column":7}},"3":{"start":{"line":6,"column":6},"end":{"line":6,"column":26}},"4":{"start":{"line":7,"column":6},"end":{"line":7,"column":26}},"5":{"start":{"line":8,"column":6},"end":{"line":8,"column":26}},"6":{"start":{"line":9,"column":6},"end":{"line":9,"column":26}},"7":{"start":{"line":10,"column":6},"end":{"line":10,"column":27}}},"fnMap":{"0":{"name":"(anonymous_0)","decl":{"start":{"line":3,"column":24},"end":{"line":3,"column":25}},"loc":{"start":{"line":3,"column":57},"end":{"line":13,"column":1}},"line":3},"1":{"name":"(anonymous_1)","decl":{"start":{"line":5,"column":30},"end":{"line":5,"column":31}},"loc":{"start":{"line":5,"column":79},"end":{"line":11,"column":5}},"line":5}},"branchMap":{"0":{"loc":{"start":{"line":4,"column":2},"end":{"line":12,"column":3}},"type":"if","locations":[{"start":{"line":4,"column":2},"end":{"line":12,"column":3}},{"start":{},"end":{}}],"line":4},"1":{"loc":{"start":{"line":4,"column":6},"end":{"line":4,"column":52}},"type":"binary-expr","locations":[{"start":{"line":4,"column":6},"end":{"line":4,"column":17}},{"start":{"line":4,"column":21},"end":{"line":4,"column":52}}],"line":4}},"s":{"0":0,"1":0,"2":0,"3":0,"4":0,"5":0,"6":0,"7":0},"f":{"0":0,"1":0},"b":{"0":[0,0],"1":[0,0]}}
,"/home/saurab/Desktop/Blinkist-React-App/blinkist/src/api/api.tsx": {"path":"/home/saurab/Desktop/Blinkist-React-App/blinkist/src/api/api.tsx","statementMap":{},"fnMap":{},"branchMap":{},"s":{},"f":{},"b":{},"_coverageSchema":"1a1c01bbd47fc00a2c39e90264f33305004495a9","hash":"4bc4ddd5ed9c3b0abd442d09b936af8ce69e53da"}
,"/home/saurab/Desktop/Blinkist-React-App/blinkist/src/components/atoms/Avatar/index.stories.tsx": {"path":"/home/saurab/Desktop/Blinkist-React-App/blinkist/src/components/atoms/Avatar/index.stories.tsx","statementMap":{"0":{"start":{"line":15,"column":22},"end":{"line":15,"column":53}},"1":{"start":{"line":15,"column":28},"end":{"line":15,"column":53}}},"fnMap":{"0":{"name":"(anonymous_0)","decl":{"start":{"line":15,"column":22},"end":{"line":15,"column":23}},"loc":{"start":{"line":15,"column":28},"end":{"line":15,"column":53}},"line":15}},"branchMap":{},"s":{"0":0,"1":0},"f":{"0":0},"b":{}}
,"/home/saurab/Desktop/Blinkist-React-App/blinkist/src/components/atoms/Avatar/index.tsx": {"path":"/home/saurab/Desktop/Blinkist-React-App/blinkist/src/components/atoms/Avatar/index.tsx","statementMap":{"0":{"start":{"line":12,"column":4},"end":{"line":19,"column":6}}},"fnMap":{"0":{"name":"AvatarIcon","decl":{"start":{"line":10,"column":16},"end":{"line":10,"column":26}},"loc":{"start":{"line":10,"column":45},"end":{"line":21,"column":1}},"line":10}},"branchMap":{},"s":{"0":1},"f":{"0":1},"b":{},"_coverageSchema":"1a1c01bbd47fc00a2c39e90264f33305004495a9","hash":"14955202a1bb78fa83f75e192fc31dbf7db0ab46"}
,"/home/saurab/Desktop/Blinkist-React-App/blinkist/src/components/atoms/Button/index.stories.tsx": {"path":"/home/saurab/Desktop/Blinkist-React-App/blinkist/src/components/atoms/Button/index.stories.tsx","statementMap":{"0":{"start":{"line":16,"column":42},"end":{"line":16,"column":76}},"1":{"start":{"line":16,"column":49},"end":{"line":16,"column":76}},"2":{"start":{"line":18,"column":40},"end":{"line":18,"column":57}},"3":{"start":{"line":20,"column":0},"end":{"line":31,"column":1}},"4":{"start":{"line":33,"column":33},"end":{"line":33,"column":50}},"5":{"start":{"line":34,"column":0},"end":{"line":47,"column":1}},"6":{"start":{"line":49,"column":23},"end":{"line":49,"column":40}},"7":{"start":{"line":51,"column":0},"end":{"line":71,"column":1}},"8":{"start":{"line":73,"column":31},"end":{"line":73,"column":48}},"9":{"start":{"line":74,"column":0},"end":{"line":95,"column":1}},"10":{"start":{"line":96,"column":28},"end":{"line":96,"column":45}},"11":{"start":{"line":97,"column":0},"end":{"line":106,"column":1}}},"fnMap":{"0":{"name":"(anonymous_0)","decl":{"start":{"line":16,"column":42},"end":{"line":16,"column":43}},"loc":{"start":{"line":16,"column":49},"end":{"line":16,"column":76}},"line":16}},"branchMap":{},"s":{"0":0,"1":0,"2":0,"3":0,"4":0,"5":0,"6":0,"7":0,"8":0,"9":0,"10":0,"11":0},"f":{"0":0},"b":{}}
,"/home/saurab/Desktop/Blinkist-React-App/blinkist/src/components/atoms/Button/index.tsx": {"path":"/home/saurab/Desktop/Blinkist-React-App/blinkist/src/components/atoms/Button/index.tsx","statementMap":{"0":{"start":{"line":18,"column":34},"end":{"line":33,"column":1}},"1":{"start":{"line":19,"column":95},"end":{"line":19,"column":100}},"2":{"start":{"line":20,"column":2},"end":{"line":32,"column":3}}},"fnMap":{"0":{"name":"(anonymous_0)","decl":{"start":{"line":18,"column":34},"end":{"line":18,"column":35}},"loc":{"start":{"line":18,"column":49},"end":{"line":33,"column":1}},"line":18}},"branchMap":{},"s":{"0":9,"1":145,"2":145},"f":{"0":145},"b":{},"_coverageSchema":"1a1c01bbd47fc00a2c39e90264f33305004495a9","hash":"b2faf77f7aa0be6f56d8623b1693849b2ac9357b"}
,"/home/saurab/Desktop/Blinkist-React-App/blinkist/src/components/atoms/Icon/index.stories.tsx": {"path":"/home/saurab/Desktop/Blinkist-React-App/blinkist/src/components/atoms/Icon/index.stories.tsx","statementMap":{"0":{"start":{"line":12,"column":36},"end":{"line":12,"column":64}},"1":{"start":{"line":12,"column":46},"end":{"line":12,"column":64}},"2":{"start":{"line":14,"column":24},"end":{"line":14,"column":41}},"3":{"start":{"line":15,"column":0},"end":{"line":19,"column":1}}},"fnMap":{"0":{"name":"(anonymous_0)","decl":{"start":{"line":12,"column":36},"end":{"line":12,"column":37}},"loc":{"start":{"line":12,"column":46},"end":{"line":12,"column":64}},"line":12}},"branchMap":{},"s":{"0":0,"1":0,"2":0,"3":0},"f":{"0":0},"b":{}}
,"/home/saurab/Desktop/Blinkist-React-App/blinkist/src/components/atoms/Icon/index.tsx": {"path":"/home/saurab/Desktop/Blinkist-React-App/blinkist/src/components/atoms/Icon/index.tsx","statementMap":{"0":{"start":{"line":10,"column":13},"end":{"line":15,"column":1}},"1":{"start":{"line":11,"column":41},"end":{"line":11,"column":46}},"2":{"start":{"line":12,"column":2},"end":{"line":14,"column":3}}},"fnMap":{"0":{"name":"(anonymous_0)","decl":{"start":{"line":10,"column":13},"end":{"line":10,"column":14}},"loc":{"start":{"line":10,"column":28},"end":{"line":15,"column":1}},"line":10}},"branchMap":{},"s":{"0":8,"1":33,"2":33},"f":{"0":33},"b":{},"_coverageSchema":"1a1c01bbd47fc00a2c39e90264f33305004495a9","hash":"89db9a4f7b55a77ded5472797a10fbe70639000c"}
,"/home/saurab/Desktop/Blinkist-React-App/blinkist/src/components/atoms/IconButton/index.stories.tsx": {"path":"/home/saurab/Desktop/Blinkist-React-App/blinkist/src/components/atoms/IconButton/index.stories.tsx","statementMap":{"0":{"start":{"line":12,"column":30},"end":{"line":14,"column":1}},"1":{"start":{"line":13,"column":4},"end":{"line":13,"column":36}},"2":{"start":{"line":16,"column":31},"end":{"line":16,"column":48}},"3":{"start":{"line":17,"column":0},"end":{"line":19,"column":1}},"4":{"start":{"line":20,"column":33},"end":{"line":20,"column":50}},"5":{"start":{"line":21,"column":0},"end":{"line":23,"column":1}}},"fnMap":{"0":{"name":"(anonymous_0)","decl":{"start":{"line":12,"column":30},"end":{"line":12,"column":31}},"loc":{"start":{"line":13,"column":4},"end":{"line":13,"column":36}},"line":13}},"branchMap":{},"s":{"0":0,"1":0,"2":0,"3":0,"4":0,"5":0},"f":{"0":0},"b":{}}
,"/home/saurab/Desktop/Blinkist-React-App/blinkist/src/components/atoms/IconButton/index.tsx": {"path":"/home/saurab/Desktop/Blinkist-React-App/blinkist/src/components/atoms/IconButton/index.tsx","statementMap":{"0":{"start":{"line":11,"column":28},"end":{"line":22,"column":1}},"1":{"start":{"line":12,"column":43},"end":{"line":12,"column":48}},"2":{"start":{"line":13,"column":2},"end":{"line":21,"column":3}}},"fnMap":{"0":{"name":"(anonymous_0)","decl":{"start":{"line":11,"column":28},"end":{"line":11,"column":29}},"loc":{"start":{"line":11,"column":55},"end":{"line":22,"column":1}},"line":11}},"branchMap":{},"s":{"0":12,"1":335,"2":335},"f":{"0":335},"b":{},"_coverageSchema":"1a1c01bbd47fc00a2c39e90264f33305004495a9","hash":"08f71c598e0a3bac3d622696d27cb1f20dcb390f"}
,"/home/saurab/Desktop/Blinkist-React-App/blinkist/src/components/atoms/ProgressBar/index.tsx": {"path":"/home/saurab/Desktop/Blinkist-React-App/blinkist/src/components/atoms/ProgressBar/index.tsx","statementMap":{"0":{"start":{"line":8,"column":20},"end":{"line":17,"column":4}},"1":{"start":{"line":19,"column":4},"end":{"line":19,"column":73}},"2":{"start":{"line":21,"column":19},"end":{"line":27,"column":4}},"3":{"start":{"line":29,"column":2},"end":{"line":33,"column":4}}},"fnMap":{"0":{"name":"ProgressBar","decl":{"start":{"line":7,"column":9},"end":{"line":7,"column":20}},"loc":{"start":{"line":7,"column":53},"end":{"line":34,"column":1}},"line":7}},"branchMap":{"0":{"loc":{"start":{"line":19,"column":4},"end":{"line":19,"column":73}},"type":"cond-expr","locations":[{"start":{"line":19,"column":50},"end":{"line":19,"column":64}},{"start":{"line":19,"column":67},"end":{"line":19,"column":73}}],"line":19},"1":{"loc":{"start":{"line":19,"column":4},"end":{"line":19,"column":47}},"type":"binary-expr","locations":[{"start":{"line":19,"column":4},"end":{"line":19,"column":26}},{"start":{"line":19,"column":30},"end":{"line":19,"column":47}}],"line":19}},"s":{"0":4,"1":4,"2":4,"3":4},"f":{"0":4},"b":{"0":[4,0],"1":[4,4]},"_coverageSchema":"1a1c01bbd47fc00a2c39e90264f33305004495a9","hash":"100ea82e461a94ac33aecb3f1026d56a976cfe94"}
,"/home/saurab/Desktop/Blinkist-React-App/blinkist/src/components/atoms/Typography/index.tsx": {"path":"/home/saurab/Desktop/Blinkist-React-App/blinkist/src/components/atoms/Typography/index.tsx","statementMap":{"0":{"start":{"line":29,"column":28},"end":{"line":35,"column":1}},"1":{"start":{"line":30,"column":2},"end":{"line":34,"column":3}}},"fnMap":{"0":{"name":"(anonymous_0)","decl":{"start":{"line":29,"column":28},"end":{"line":29,"column":29}},"loc":{"start":{"line":29,"column":56},"end":{"line":35,"column":1}},"line":29}},"branchMap":{},"s":{"0":1,"1":4},"f":{"0":4},"b":{},"_coverageSchema":"1a1c01bbd47fc00a2c39e90264f33305004495a9","hash":"185323ea2e7b5c435469d44f01fef83867d333f2"}
,"/home/saurab/Desktop/Blinkist-React-App/blinkist/src/components/atoms/showIcon/index.tsx": {"path":"/home/saurab/Desktop/Blinkist-React-App/blinkist/src/components/atoms/showIcon/index.tsx","statementMap":{"0":{"start":{"line":10,"column":2},"end":{"line":22,"column":4}}},"fnMap":{"0":{"name":"showIcon","decl":{"start":{"line":9,"column":9},"end":{"line":9,"column":17}},"loc":{"start":{"line":9,"column":56},"end":{"line":23,"column":1}},"line":9}},"branchMap":{},"s":{"0":0},"f":{"0":0},"b":{}}
,"/home/saurab/Desktop/Blinkist-React-App/blinkist/src/components/molecules/Banner/index.stories.tsx": {"path":"/home/saurab/Desktop/Blinkist-React-App/blinkist/src/components/molecules/Banner/index.stories.tsx","statementMap":{"0":{"start":{"line":9,"column":48},"end":{"line":9,"column":64}},"1":{"start":{"line":9,"column":54},"end":{"line":9,"column":64}},"2":{"start":{"line":11,"column":38},"end":{"line":11,"column":55}},"3":{"start":{"line":12,"column":0},"end":{"line":14,"column":1}}},"fnMap":{"0":{"name":"(anonymous_0)","decl":{"start":{"line":9,"column":48},"end":{"line":9,"column":49}},"loc":{"start":{"line":9,"column":54},"end":{"line":9,"column":64}},"line":9}},"branchMap":{},"s":{"0":0,"1":0,"2":0,"3":0},"f":{"0":0},"b":{}}
,"/home/saurab/Desktop/Blinkist-React-App/blinkist/src/components/molecules/Banner/index.tsx": {"path":"/home/saurab/Desktop/Blinkist-React-App/blinkist/src/components/molecules/Banner/index.tsx","statementMap":{"0":{"start":{"line":14,"column":28},"end":{"line":21,"column":2}},"1":{"start":{"line":23,"column":28},"end":{"line":32,"column":2}},"2":{"start":{"line":33,"column":25},"end":{"line":39,"column":2}},"3":{"start":{"line":40,"column":28},"end":{"line":45,"column":2}},"4":{"start":{"line":47,"column":23},"end":{"line":47,"column":40}},"5":{"start":{"line":49,"column":22},"end":{"line":70,"column":1}},"6":{"start":{"line":50,"column":2},"end":{"line":69,"column":4}}},"fnMap":{"0":{"name":"(anonymous_0)","decl":{"start":{"line":49,"column":22},"end":{"line":49,"column":23}},"loc":{"start":{"line":49,"column":45},"end":{"line":70,"column":1}},"line":49}},"branchMap":{},"s":{"0":3,"1":3,"2":3,"3":3,"4":3,"5":3,"6":3},"f":{"0":3},"b":{},"_coverageSchema":"1a1c01bbd47fc00a2c39e90264f33305004495a9","hash":"31256a2225441105701d542b9b9ece11512be136"}
,"/home/saurab/Desktop/Blinkist-React-App/blinkist/src/components/molecules/Dropdown/index.stories.tsx": {"path":"/home/saurab/Desktop/Blinkist-React-App/blinkist/src/components/molecules/Dropdown/index.stories.tsx","statementMap":{"0":{"start":{"line":9,"column":29},"end":{"line":9,"column":59}},"1":{"start":{"line":9,"column":37},"end":{"line":9,"column":59}},"2":{"start":{"line":11,"column":31},"end":{"line":11,"column":48}},"3":{"start":{"line":12,"column":0},"end":{"line":14,"column":1}},"4":{"start":{"line":16,"column":31},"end":{"line":16,"column":48}},"5":{"start":{"line":17,"column":0},"end":{"line":19,"column":1}}},"fnMap":{"0":{"name":"(anonymous_0)","decl":{"start":{"line":9,"column":29},"end":{"line":9,"column":30}},"loc":{"start":{"line":9,"column":37},"end":{"line":9,"column":59}},"line":9}},"branchMap":{},"s":{"0":0,"1":0,"2":0,"3":0,"4":0,"5":0},"f":{"0":0},"b":{}}
,"/home/saurab/Desktop/Blinkist-React-App/blinkist/src/components/molecules/Dropdown/index.tsx": {"path":"/home/saurab/Desktop/Blinkist-React-App/blinkist/src/components/molecules/Dropdown/index.tsx","statementMap":{"0":{"start":{"line":7,"column":18},"end":{"line":27,"column":2}},"1":{"start":{"line":36,"column":24},"end":{"line":54,"column":1}},"2":{"start":{"line":37,"column":15},"end":{"line":37,"column":26}},"3":{"start":{"line":38,"column":43},"end":{"line":38,"column":48}},"4":{"start":{"line":39,"column":2},"end":{"line":53,"column":4}}},"fnMap":{"0":{"name":"(anonymous_0)","decl":{"start":{"line":36,"column":24},"end":{"line":36,"column":25}},"loc":{"start":{"line":36,"column":50},"end":{"line":54,"column":1}},"line":36}},"branchMap":{"0":{"loc":{"start":{"line":42,"column":9},"end":{"line":48,"column":9}},"type":"cond-expr","locations":[{"start":{"line":43,"column":10},"end":{"line":43,"column":50}},{"start":{"line":45,"column":12},"end":{"line":47,"column":25}}],"line":42}},"s":{"0":6,"1":6,"2":12,"3":12,"4":12},"f":{"0":12},"b":{"0":[6,6]},"_coverageSchema":"1a1c01bbd47fc00a2c39e90264f33305004495a9","hash":"8fac92f7c11a031e0607c05b4d35e4b85ce81db9"}
,"/home/saurab/Desktop/Blinkist-React-App/blinkist/src/components/molecules/FooterNav/index.stories.tsx": {"path":"/home/saurab/Desktop/Blinkist-React-App/blinkist/src/components/molecules/FooterNav/index.stories.tsx","statementMap":{"0":{"start":{"line":10,"column":38},"end":{"line":10,"column":69}},"1":{"start":{"line":10,"column":46},"end":{"line":10,"column":69}},"2":{"start":{"line":12,"column":34},"end":{"line":12,"column":51}},"3":{"start":{"line":13,"column":0},"end":{"line":16,"column":1}}},"fnMap":{"0":{"name":"(anonymous_0)","decl":{"start":{"line":10,"column":38},"end":{"line":10,"column":39}},"loc":{"start":{"line":10,"column":46},"end":{"line":10,"column":69}},"line":10}},"branchMap":{},"s":{"0":0,"1":0,"2":0,"3":0},"f":{"0":0},"b":{}}
,"/home/saurab/Desktop/Blinkist-React-App/blinkist/src/components/molecules/FooterNav/index.tsx": {"path":"/home/saurab/Desktop/Blinkist-React-App/blinkist/src/components/molecules/FooterNav/index.tsx","statementMap":{"0":{"start":{"line":4,"column":20},"end":{"line":7,"column":2}},"1":{"start":{"line":9,"column":12},"end":{"line":11,"column":2}},"2":{"start":{"line":18,"column":25},"end":{"line":33,"column":1}},"3":{"start":{"line":19,"column":22},"end":{"line":19,"column":27}},"4":{"start":{"line":21,"column":2},"end":{"line":32,"column":4}},"5":{"start":{"line":25,"column":8},"end":{"line":29,"column":10}}},"fnMap":{"0":{"name":"(anonymous_0)","decl":{"start":{"line":18,"column":25},"end":{"line":18,"column":26}},"loc":{"start":{"line":18,"column":52},"end":{"line":33,"column":1}},"line":18},"1":{"name":"(anonymous_1)","decl":{"start":{"line":24,"column":16},"end":{"line":24,"column":17}},"loc":{"start":{"line":24,"column":31},"end":{"line":30,"column":7}},"line":24}},"branchMap":{},"s":{"0":6,"1":6,"2":6,"3":15,"4":15,"5":65},"f":{"0":15,"1":65},"b":{},"_coverageSchema":"1a1c01bbd47fc00a2c39e90264f33305004495a9","hash":"2af35d74782563fbfc96da1dc97bc11bd6d4c628"}
,"/home/saurab/Desktop/Blinkist-React-App/blinkist/src/components/molecules/IconAndText/index.stories.tsx": {"path":"/home/saurab/Desktop/Blinkist-React-App/blinkist/src/components/molecules/IconAndText/index.stories.tsx","statementMap":{"0":{"start":{"line":12,"column":42},"end":{"line":12,"column":75}},"1":{"start":{"line":12,"column":50},"end":{"line":12,"column":75}},"2":{"start":{"line":14,"column":24},"end":{"line":14,"column":41}},"3":{"start":{"line":15,"column":0},"end":{"line":19,"column":2}},"4":{"start":{"line":21,"column":24},"end":{"line":21,"column":41}},"5":{"start":{"line":22,"column":0},"end":{"line":26,"column":2}},"6":{"start":{"line":28,"column":32},"end":{"line":28,"column":49}},"7":{"start":{"line":29,"column":0},"end":{"line":33,"column":2}}},"fnMap":{"0":{"name":"(anonymous_0)","decl":{"start":{"line":12,"column":42},"end":{"line":12,"column":43}},"loc":{"start":{"line":12,"column":50},"end":{"line":12,"column":75}},"line":12}},"branchMap":{},"s":{"0":0,"1":0,"2":0,"3":0,"4":0,"5":0,"6":0,"7":0},"f":{"0":0},"b":{}}
,"/home/saurab/Desktop/Blinkist-React-App/blinkist/src/components/molecules/IconAndText/index.tsx": {"path":"/home/saurab/Desktop/Blinkist-React-App/blinkist/src/components/molecules/IconAndText/index.tsx","statementMap":{"0":{"start":{"line":26,"column":18},"end":{"line":34,"column":2}},"1":{"start":{"line":36,"column":27},"end":{"line":53,"column":1}},"2":{"start":{"line":37,"column":57},"end":{"line":37,"column":62}},"3":{"start":{"line":38,"column":14},"end":{"line":38,"column":25}},"4":{"start":{"line":39,"column":2},"end":{"line":52,"column":4}}},"fnMap":{"0":{"name":"(anonymous_0)","decl":{"start":{"line":36,"column":27},"end":{"line":36,"column":28}},"loc":{"start":{"line":36,"column":56},"end":{"line":53,"column":1}},"line":36}},"branchMap":{},"s":{"0":11,"1":11,"2":333,"3":333,"4":333},"f":{"0":333},"b":{},"_coverageSchema":"1a1c01bbd47fc00a2c39e90264f33305004495a9","hash":"5c8886b2f4878db583b70577c2917b01bb0cb6a8"}
,"/home/saurab/Desktop/Blinkist-React-App/blinkist/src/components/molecules/SearchBar/index.stories.tsx": {"path":"/home/saurab/Desktop/Blinkist-React-App/blinkist/src/components/molecules/SearchBar/index.stories.tsx","statementMap":{"0":{"start":{"line":9,"column":60},"end":{"line":9,"column":88}},"1":{"start":{"line":9,"column":66},"end":{"line":9,"column":88}},"2":{"start":{"line":11,"column":25},"end":{"line":11,"column":42}}},"fnMap":{"0":{"name":"(anonymous_0)","decl":{"start":{"line":9,"column":60},"end":{"line":9,"column":61}},"loc":{"start":{"line":9,"column":66},"end":{"line":9,"column":88}},"line":9}},"branchMap":{},"s":{"0":0,"1":0,"2":0},"f":{"0":0},"b":{}}
,"/home/saurab/Desktop/Blinkist-React-App/blinkist/src/components/molecules/SearchBar/index.tsx": {"path":"/home/saurab/Desktop/Blinkist-React-App/blinkist/src/components/molecules/SearchBar/index.tsx","statementMap":{"0":{"start":{"line":8,"column":18},"end":{"line":38,"column":2}},"1":{"start":{"line":40,"column":34},"end":{"line":59,"column":1}},"2":{"start":{"line":41,"column":30},"end":{"line":41,"column":42}},"3":{"start":{"line":42,"column":18},"end":{"line":42,"column":29}},"4":{"start":{"line":43,"column":2},"end":{"line":58,"column":4}},"5":{"start":{"line":53,"column":25},"end":{"line":53,"column":50}}},"fnMap":{"0":{"name":"(anonymous_0)","decl":{"start":{"line":40,"column":34},"end":{"line":40,"column":35}},"loc":{"start":{"line":40,"column":40},"end":{"line":59,"column":1}},"line":40},"1":{"name":"(anonymous_1)","decl":{"start":{"line":53,"column":20},"end":{"line":53,"column":21}},"loc":{"start":{"line":53,"column":25},"end":{"line":53,"column":50}},"line":53}},"branchMap":{},"s":{"0":1,"1":1,"2":2,"3":2,"4":2,"5":1},"f":{"0":2,"1":1},"b":{},"_coverageSchema":"1a1c01bbd47fc00a2c39e90264f33305004495a9","hash":"00e9cd33dac607d73ea424e6dcc20b620eade0db"}
,"/home/saurab/Desktop/Blinkist-React-App/blinkist/src/components/molecules/Tabs/index.stories.tsx": {"path":"/home/saurab/Desktop/Blinkist-React-App/blinkist/src/components/molecules/Tabs/index.stories.tsx","statementMap":{"0":{"start":{"line":9,"column":55},"end":{"line":9,"column":78}},"1":{"start":{"line":9,"column":61},"end":{"line":9,"column":78}},"2":{"start":{"line":11,"column":47},"end":{"line":11,"column":64}},"3":{"start":{"line":12,"column":0},"end":{"line":14,"column":1}}},"fnMap":{"0":{"name":"(anonymous_0)","decl":{"start":{"line":9,"column":55},"end":{"line":9,"column":56}},"loc":{"start":{"line":9,"column":61},"end":{"line":9,"column":78}},"line":9}},"branchMap":{},"s":{"0":0,"1":0,"2":0,"3":0},"f":{"0":0},"b":{}}
,"/home/saurab/Desktop/Blinkist-React-App/blinkist/src/components/molecules/Tabs/index.tsx": {"path":"/home/saurab/Desktop/Blinkist-React-App/blinkist/src/components/molecules/Tabs/index.tsx","statementMap":{"0":{"start":{"line":6,"column":18},"end":{"line":11,"column":3}},"1":{"start":{"line":6,"column":36},"end":{"line":11,"column":1}},"2":{"start":{"line":13,"column":29},"end":{"line":63,"column":1}},"3":{"start":{"line":14,"column":28},"end":{"line":14,"column":41}},"4":{"start":{"line":15,"column":28},"end":{"line":15,"column":47}},"5":{"start":{"line":16,"column":23},"end":{"line":20,"column":3}},"6":{"start":{"line":17,"column":4},"end":{"line":17,"column":22}},"7":{"start":{"line":18,"column":4},"end":{"line":18,"column":23}},"8":{"start":{"line":19,"column":4},"end":{"line":19,"column":20}},"9":{"start":{"line":22,"column":16},"end":{"line":22,"column":27}},"10":{"start":{"line":24,"column":2},"end":{"line":62,"column":4}}},"fnMap":{"0":{"name":"(anonymous_0)","decl":{"start":{"line":6,"column":29},"end":{"line":6,"column":30}},"loc":{"start":{"line":6,"column":36},"end":{"line":11,"column":1}},"line":6},"1":{"name":"(anonymous_1)","decl":{"start":{"line":13,"column":29},"end":{"line":13,"column":30}},"loc":{"start":{"line":13,"column":35},"end":{"line":63,"column":1}},"line":13},"2":{"name":"(anonymous_2)","decl":{"start":{"line":16,"column":23},"end":{"line":16,"column":24}},"loc":{"start":{"line":16,"column":74},"end":{"line":20,"column":3}},"line":16}},"branchMap":{},"s":{"0":1,"1":1,"2":1,"3":1,"4":1,"5":1,"6":0,"7":0,"8":0,"9":1,"10":1},"f":{"0":1,"1":1,"2":0},"b":{},"_coverageSchema":"1a1c01bbd47fc00a2c39e90264f33305004495a9","hash":"dd4127ba6ff0f20d22046285c2e6421d3656d7db"}
,"/home/saurab/Desktop/Blinkist-React-App/blinkist/src/components/organisms/AboutBook/index.stories.tsx": {"path":"/home/saurab/Desktop/Blinkist-React-App/blinkist/src/components/organisms/AboutBook/index.stories.tsx","statementMap":{"0":{"start":{"line":9,"column":49},"end":{"line":9,"column":69}},"1":{"start":{"line":9,"column":55},"end":{"line":9,"column":69}},"2":{"start":{"line":11,"column":29},"end":{"line":11,"column":46}},"3":{"start":{"line":12,"column":0},"end":{"line":14,"column":1}}},"fnMap":{"0":{"name":"(anonymous_0)","decl":{"start":{"line":9,"column":49},"end":{"line":9,"column":50}},"loc":{"start":{"line":9,"column":55},"end":{"line":9,"column":69}},"line":9}},"branchMap":{},"s":{"0":0,"1":0,"2":0,"3":0},"f":{"0":0},"b":{}}
,"/home/saurab/Desktop/Blinkist-React-App/blinkist/src/components/organisms/AboutBook/index.tsx": {"path":"/home/saurab/Desktop/Blinkist-React-App/blinkist/src/components/organisms/AboutBook/index.tsx","statementMap":{"0":{"start":{"line":10,"column":16},"end":{"line":38,"column":2}},"1":{"start":{"line":40,"column":22},"end":{"line":43,"column":2}},"2":{"start":{"line":45,"column":25},"end":{"line":134,"column":1}},"3":{"start":{"line":46,"column":28},"end":{"line":46,"column":41}},"4":{"start":{"line":47,"column":23},"end":{"line":50,"column":3}},"5":{"start":{"line":48,"column":4},"end":{"line":48,"column":22}},"6":{"start":{"line":49,"column":4},"end":{"line":49,"column":23}},"7":{"start":{"line":52,"column":15},"end":{"line":52,"column":26}},"8":{"start":{"line":54,"column":2},"end":{"line":133,"column":4}}},"fnMap":{"0":{"name":"(anonymous_0)","decl":{"start":{"line":45,"column":25},"end":{"line":45,"column":26}},"loc":{"start":{"line":45,"column":31},"end":{"line":134,"column":1}},"line":45},"1":{"name":"(anonymous_1)","decl":{"start":{"line":47,"column":23},"end":{"line":47,"column":24}},"loc":{"start":{"line":47,"column":74},"end":{"line":50,"column":3}},"line":47}},"branchMap":{},"s":{"0":3,"1":3,"2":3,"3":3,"4":3,"5":0,"6":0,"7":3,"8":3},"f":{"0":3,"1":0},"b":{},"_coverageSchema":"1a1c01bbd47fc00a2c39e90264f33305004495a9","hash":"679d3ae7c96609780a06de7f17f187911f791628"}
,"/home/saurab/Desktop/Blinkist-React-App/blinkist/src/components/organisms/BookCategories/index.stories.tsx": {"path":"/home/saurab/Desktop/Blinkist-React-App/blinkist/src/components/organisms/BookCategories/index.stories.tsx","statementMap":{"0":{"start":{"line":11,"column":52},"end":{"line":11,"column":114}},"1":{"start":{"line":11,"column":60},"end":{"line":11,"column":114}},"2":{"start":{"line":13,"column":24},"end":{"line":13,"column":41}},"3":{"start":{"line":14,"column":0},"end":{"line":18,"column":1}},"4":{"start":{"line":20,"column":25},"end":{"line":20,"column":42}},"5":{"start":{"line":21,"column":0},"end":{"line":25,"column":1}},"6":{"start":{"line":27,"column":24},"end":{"line":27,"column":41}},"7":{"start":{"line":28,"column":0},"end":{"line":32,"column":1}}},"fnMap":{"0":{"name":"(anonymous_0)","decl":{"start":{"line":11,"column":52},"end":{"line":11,"column":53}},"loc":{"start":{"line":11,"column":60},"end":{"line":11,"column":114}},"line":11}},"branchMap":{},"s":{"0":0,"1":0,"2":0,"3":0,"4":0,"5":0,"6":0,"7":0},"f":{"0":0},"b":{}}
,"/home/saurab/Desktop/Blinkist-React-App/blinkist/src/components/organisms/BookCategories/index.tsx": {"path":"/home/saurab/Desktop/Blinkist-React-App/blinkist/src/components/organisms/BookCategories/index.tsx","statementMap":{"0":{"start":{"line":27,"column":20},"end":{"line":33,"column":2}},"1":{"start":{"line":35,"column":16},"end":{"line":41,"column":2}},"2":{"start":{"line":43,"column":19},"end":{"line":125,"column":3}},"3":{"start":{"line":44,"column":24},"end":{"line":44,"column":29}},"4":{"start":{"line":45,"column":36},"end":{"line":45,"column":50}},"5":{"start":{"line":46,"column":29},"end":{"line":46,"column":41}},"6":{"start":{"line":47,"column":17},"end":{"line":47,"column":28}},"7":{"start":{"line":48,"column":4},"end":{"line":48,"column":30}},"8":{"start":{"line":49,"column":4},"end":{"line":49,"column":38}},"9":{"start":{"line":50,"column":23},"end":{"line":50,"column":35}},"10":{"start":{"line":51,"column":4},"end":{"line":51,"column":29}},"11":{"start":{"line":52,"column":4},"end":{"line":52,"column":29}},"12":{"start":{"line":54,"column":22},"end":{"line":68,"column":5}},"13":{"start":{"line":55,"column":6},"end":{"line":67,"column":7}},"14":{"start":{"line":56,"column":8},"end":{"line":56,"column":71}},"15":{"start":{"line":56,"column":46},"end":{"line":56,"column":68}},"16":{"start":{"line":57,"column":8},"end":{"line":57,"column":28}},"17":{"start":{"line":59,"column":13},"end":{"line":67,"column":7}},"18":{"start":{"line":60,"column":10},"end":{"line":60,"column":72}},"19":{"start":{"line":60,"column":48},"end":{"line":60,"column":70}},"20":{"start":{"line":61,"column":10},"end":{"line":61,"column":30}},"21":{"start":{"line":64,"column":11},"end":{"line":67,"column":7}},"22":{"start":{"line":65,"column":8},"end":{"line":65,"column":70}},"23":{"start":{"line":65,"column":46},"end":{"line":65,"column":67}},"24":{"start":{"line":66,"column":8},"end":{"line":66,"column":30}},"25":{"start":{"line":70,"column":4},"end":{"line":78,"column":17}},"26":{"start":{"line":71,"column":6},"end":{"line":77,"column":7}},"27":{"start":{"line":72,"column":8},"end":{"line":72,"column":32}},"28":{"start":{"line":73,"column":13},"end":{"line":77,"column":7}},"29":{"start":{"line":74,"column":8},"end":{"line":74,"column":32}},"30":{"start":{"line":76,"column":8},"end":{"line":76,"column":33}},"31":{"start":{"line":80,"column":4},"end":{"line":124,"column":6}},"32":{"start":{"line":86,"column":12},"end":{"line":120,"column":13}},"33":{"start":{"line":87,"column":12},"end":{"line":100,"column":14}},"34":{"start":{"line":102,"column":14},"end":{"line":119,"column":15}},"35":{"start":{"line":104,"column":16},"end":{"line":117,"column":18}}},"fnMap":{"0":{"name":"(anonymous_0)","decl":{"start":{"line":43,"column":19},"end":{"line":43,"column":20}},"loc":{"start":{"line":43,"column":38},"end":{"line":125,"column":3}},"line":43},"1":{"name":"(anonymous_1)","decl":{"start":{"line":54,"column":22},"end":{"line":54,"column":23}},"loc":{"start":{"line":54,"column":49},"end":{"line":68,"column":5}},"line":54},"2":{"name":"(anonymous_2)","decl":{"start":{"line":56,"column":36},"end":{"line":56,"column":37}},"loc":{"start":{"line":56,"column":46},"end":{"line":56,"column":68}},"line":56},"3":{"name":"(anonymous_3)","decl":{"start":{"line":60,"column":38},"end":{"line":60,"column":39}},"loc":{"start":{"line":60,"column":48},"end":{"line":60,"column":70}},"line":60},"4":{"name":"(anonymous_4)","decl":{"start":{"line":65,"column":36},"end":{"line":65,"column":37}},"loc":{"start":{"line":65,"column":46},"end":{"line":65,"column":67}},"line":65},"5":{"name":"(anonymous_5)","decl":{"start":{"line":70,"column":14},"end":{"line":70,"column":15}},"loc":{"start":{"line":70,"column":20},"end":{"line":78,"column":5}},"line":70},"6":{"name":"(anonymous_6)","decl":{"start":{"line":85,"column":24},"end":{"line":85,"column":25}},"loc":{"start":{"line":85,"column":39},"end":{"line":121,"column":11}},"line":85}},"branchMap":{"0":{"loc":{"start":{"line":55,"column":6},"end":{"line":67,"column":7}},"type":"if","locations":[{"start":{"line":55,"column":6},"end":{"line":67,"column":7}},{"start":{"line":59,"column":13},"end":{"line":67,"column":7}}],"line":55},"1":{"loc":{"start":{"line":59,"column":13},"end":{"line":67,"column":7}},"type":"if","locations":[{"start":{"line":59,"column":13},"end":{"line":67,"column":7}},{"start":{"line":64,"column":11},"end":{"line":67,"column":7}}],"line":59},"2":{"loc":{"start":{"line":64,"column":11},"end":{"line":67,"column":7}},"type":"if","locations":[{"start":{"line":64,"column":11},"end":{"line":67,"column":7}},{"start":{},"end":{}}],"line":64},"3":{"loc":{"start":{"line":71,"column":6},"end":{"line":77,"column":7}},"type":"if","locations":[{"start":{"line":71,"column":6},"end":{"line":77,"column":7}},{"start":{"line":73,"column":13},"end":{"line":77,"column":7}}],"line":71},"4":{"loc":{"start":{"line":73,"column":13},"end":{"line":77,"column":7}},"type":"if","locations":[{"start":{"line":73,"column":13},"end":{"line":77,"column":7}},{"start":{"line":75,"column":13},"end":{"line":77,"column":7}}],"line":73},"5":{"loc":{"start":{"line":86,"column":12},"end":{"line":120,"column":13}},"type":"if","locations":[{"start":{"line":86,"column":12},"end":{"line":120,"column":13}},{"start":{"line":101,"column":17},"end":{"line":120,"column":13}}],"line":86},"6":{"loc":{"start":{"line":102,"column":14},"end":{"line":119,"column":15}},"type":"if","locations":[{"start":{"line":102,"column":14},"end":{"line":119,"column":15}},{"start":{},"end":{}}],"line":102},"7":{"loc":{"start":{"line":102,"column":17},"end":{"line":103,"column":64}},"type":"binary-expr","locations":[{"start":{"line":102,"column":18},"end":{"line":102,"column":67}},{"start":{"line":103,"column":15},"end":{"line":103,"column":63}}],"line":102}},"s":{"0":3,"1":3,"2":3,"3":18,"4":18,"5":18,"6":18,"7":18,"8":18,"9":18,"10":18,"11":18,"12":18,"13":9,"14":3,"15":33,"16":3,"17":6,"18":3,"19":33,"20":3,"21":3,"22":3,"23":33,"24":3,"25":18,"26":9,"27":3,"28":6,"29":3,"30":3,"31":18,"32":135,"33":90,"34":45,"35":45},"f":{"0":18,"1":9,"2":33,"3":33,"4":33,"5":9,"6":135},"b":{"0":[3,6],"1":[3,3],"2":[3,0],"3":[3,6],"4":[3,3],"5":[90,45],"6":[45,0],"7":[45,0]},"_coverageSchema":"1a1c01bbd47fc00a2c39e90264f33305004495a9","hash":"737c571987a3390f14307561fede74f705d547ae"}
,"/home/saurab/Desktop/Blinkist-React-App/blinkist/src/components/organisms/BookDescription/index.stories.tsx": {"path":"/home/saurab/Desktop/Blinkist-React-App/blinkist/src/components/organisms/BookDescription/index.stories.tsx","statementMap":{"0":{"start":{"line":10,"column":55},"end":{"line":10,"column":80}},"1":{"start":{"line":10,"column":61},"end":{"line":10,"column":80}},"2":{"start":{"line":12,"column":35},"end":{"line":12,"column":52}},"3":{"start":{"line":13,"column":0},"end":{"line":15,"column":1}}},"fnMap":{"0":{"name":"(anonymous_0)","decl":{"start":{"line":10,"column":55},"end":{"line":10,"column":56}},"loc":{"start":{"line":10,"column":61},"end":{"line":10,"column":80}},"line":10}},"branchMap":{},"s":{"0":0,"1":0,"2":0,"3":0},"f":{"0":0},"b":{}}
,"/home/saurab/Desktop/Blinkist-React-App/blinkist/src/components/organisms/BookDescription/index.tsx": {"path":"/home/saurab/Desktop/Blinkist-React-App/blinkist/src/components/organisms/BookDescription/index.tsx","statementMap":{"0":{"start":{"line":17,"column":20},"end":{"line":23,"column":2}},"1":{"start":{"line":25,"column":20},"end":{"line":28,"column":2}},"2":{"start":{"line":30,"column":24},"end":{"line":33,"column":2}},"3":{"start":{"line":35,"column":27},"end":{"line":41,"column":2}},"4":{"start":{"line":43,"column":24},"end":{"line":47,"column":2}},"5":{"start":{"line":49,"column":23},"end":{"line":55,"column":2}},"6":{"start":{"line":57,"column":20},"end":{"line":60,"column":2}},"7":{"start":{"line":62,"column":21},"end":{"line":67,"column":2}},"8":{"start":{"line":69,"column":31},"end":{"line":189,"column":1}},"9":{"start":{"line":70,"column":34},"end":{"line":83,"column":4}},"10":{"start":{"line":85,"column":20},"end":{"line":90,"column":3}},"11":{"start":{"line":86,"column":21},"end":{"line":86,"column":52}},"12":{"start":{"line":87,"column":17},"end":{"line":87,"column":30}},"13":{"start":{"line":88,"column":4},"end":{"line":88,"column":37}},"14":{"start":{"line":89,"column":4},"end":{"line":89,"column":21}},"15":{"start":{"line":92,"column":2},"end":{"line":94,"column":34}},"16":{"start":{"line":93,"column":4},"end":{"line":93,"column":17}},"17":{"start":{"line":96,"column":17},"end":{"line":96,"column":30}},"18":{"start":{"line":98,"column":21},"end":{"line":105,"column":3}},"19":{"start":{"line":99,"column":4},"end":{"line":99,"column":37}},"20":{"start":{"line":100,"column":4},"end":{"line":100,"column":41}},"21":{"start":{"line":102,"column":4},"end":{"line":102,"column":46}},"22":{"start":{"line":104,"column":4},"end":{"line":104,"column":17}},"23":{"start":{"line":107,"column":19},"end":{"line":109,"column":3}},"24":{"start":{"line":108,"column":4},"end":{"line":108,"column":17}},"25":{"start":{"line":111,"column":2},"end":{"line":188,"column":4}},"26":{"start":{"line":148,"column":29},"end":{"line":148,"column":41}},"27":{"start":{"line":161,"column":29},"end":{"line":161,"column":45}}},"fnMap":{"0":{"name":"(anonymous_0)","decl":{"start":{"line":69,"column":31},"end":{"line":69,"column":32}},"loc":{"start":{"line":69,"column":37},"end":{"line":189,"column":1}},"line":69},"1":{"name":"(anonymous_1)","decl":{"start":{"line":85,"column":20},"end":{"line":85,"column":21}},"loc":{"start":{"line":85,"column":32},"end":{"line":90,"column":3}},"line":85},"2":{"name":"(anonymous_2)","decl":{"start":{"line":92,"column":12},"end":{"line":92,"column":13}},"loc":{"start":{"line":92,"column":18},"end":{"line":94,"column":3}},"line":92},"3":{"name":"(anonymous_3)","decl":{"start":{"line":98,"column":21},"end":{"line":98,"column":22}},"loc":{"start":{"line":98,"column":44},"end":{"line":105,"column":3}},"line":98},"4":{"name":"(anonymous_4)","decl":{"start":{"line":107,"column":19},"end":{"line":107,"column":20}},"loc":{"start":{"line":107,"column":31},"end":{"line":109,"column":3}},"line":107},"5":{"name":"(anonymous_5)","decl":{"start":{"line":148,"column":23},"end":{"line":148,"column":24}},"loc":{"start":{"line":148,"column":29},"end":{"line":148,"column":41}},"line":148},"6":{"name":"(anonymous_6)","decl":{"start":{"line":161,"column":23},"end":{"line":161,"column":24}},"loc":{"start":{"line":161,"column":29},"end":{"line":161,"column":45}},"line":161}},"branchMap":{},"s":{"0":2,"1":2,"2":2,"3":2,"4":2,"5":2,"6":2,"7":2,"8":2,"9":2,"10":2,"11":2,"12":0,"13":0,"14":0,"15":2,"16":2,"17":2,"18":2,"19":0,"20":0,"21":0,"22":0,"23":2,"24":0,"25":2,"26":0,"27":0},"f":{"0":2,"1":2,"2":2,"3":0,"4":0,"5":0,"6":0},"b":{},"_coverageSchema":"1a1c01bbd47fc00a2c39e90264f33305004495a9","hash":"e8d787cdc4614c8a10c333887c0e11948d083da9"}
,"/home/saurab/Desktop/Blinkist-React-App/blinkist/src/components/organisms/Card/index.stories.tsx": {"path":"/home/saurab/Desktop/Blinkist-React-App/blinkist/src/components/organisms/Card/index.stories.tsx","statementMap":{"0":{"start":{"line":11,"column":33},"end":{"line":11,"column":88}},"1":{"start":{"line":11,"column":41},"end":{"line":11,"column":88}},"2":{"start":{"line":13,"column":29},"end":{"line":13,"column":46}},"3":{"start":{"line":14,"column":0},"end":{"line":22,"column":1}},"4":{"start":{"line":23,"column":30},"end":{"line":23,"column":47}},"5":{"start":{"line":24,"column":0},"end":{"line":32,"column":1}},"6":{"start":{"line":33,"column":30},"end":{"line":33,"column":47}},"7":{"start":{"line":34,"column":0},"end":{"line":42,"column":1}}},"fnMap":{"0":{"name":"(anonymous_0)","decl":{"start":{"line":11,"column":33},"end":{"line":11,"column":34}},"loc":{"start":{"line":11,"column":41},"end":{"line":11,"column":88}},"line":11}},"branchMap":{},"s":{"0":0,"1":0,"2":0,"3":0,"4":0,"5":0,"6":0,"7":0},"f":{"0":0},"b":{}}
,"/home/saurab/Desktop/Blinkist-React-App/blinkist/src/components/organisms/Card/index.tsx": {"path":"/home/saurab/Desktop/Blinkist-React-App/blinkist/src/components/organisms/Card/index.tsx","statementMap":{"0":{"start":{"line":16,"column":20},"end":{"line":22,"column":2}},"1":{"start":{"line":24,"column":21},"end":{"line":28,"column":2}},"2":{"start":{"line":30,"column":20},"end":{"line":36,"column":2}},"3":{"start":{"line":38,"column":19},"end":{"line":44,"column":2}},"4":{"start":{"line":46,"column":20},"end":{"line":50,"column":2}},"5":{"start":{"line":52,"column":20},"end":{"line":56,"column":2}},"6":{"start":{"line":58,"column":16},"end":{"line":61,"column":2}},"7":{"start":{"line":63,"column":16},"end":{"line":101,"column":2}},"8":{"start":{"line":134,"column":20},"end":{"line":282,"column":1}},"9":{"start":{"line":135,"column":112},"end":{"line":135,"column":117}},"10":{"start":{"line":136,"column":15},"end":{"line":136,"column":26}},"11":{"start":{"line":138,"column":34},"end":{"line":138,"column":46}},"12":{"start":{"line":140,"column":30},"end":{"line":145,"column":3}},"13":{"start":{"line":141,"column":4},"end":{"line":144,"column":6}},"14":{"start":{"line":147,"column":30},"end":{"line":149,"column":3}},"15":{"start":{"line":148,"column":4},"end":{"line":148,"column":20}},"16":{"start":{"line":151,"column":34},"end":{"line":164,"column":4}},"17":{"start":{"line":166,"column":2},"end":{"line":176,"column":13}},"18":{"start":{"line":167,"column":29},"end":{"line":173,"column":5}},"19":{"start":{"line":168,"column":6},"end":{"line":172,"column":7}},"20":{"start":{"line":169,"column":21},"end":{"line":169,"column":53}},"21":{"start":{"line":170,"column":21},"end":{"line":170,"column":30}},"22":{"start":{"line":171,"column":8},"end":{"line":171,"column":25}},"23":{"start":{"line":175,"column":4},"end":{"line":175,"column":27}},"24":{"start":{"line":178,"column":30},"end":{"line":184,"column":3}},"25":{"start":{"line":179,"column":4},"end":{"line":179,"column":50}},"26":{"start":{"line":180,"column":4},"end":{"line":180,"column":38}},"27":{"start":{"line":181,"column":4},"end":{"line":181,"column":38}},"28":{"start":{"line":183,"column":4},"end":{"line":183,"column":46}},"29":{"start":{"line":186,"column":21},"end":{"line":195,"column":3}},"30":{"start":{"line":187,"column":4},"end":{"line":192,"column":5}},"31":{"start":{"line":188,"column":6},"end":{"line":188,"column":40}},"32":{"start":{"line":191,"column":6},"end":{"line":191,"column":39}},"33":{"start":{"line":194,"column":4},"end":{"line":194,"column":46}},"34":{"start":{"line":197,"column":17},"end":{"line":197,"column":30}},"35":{"start":{"line":199,"column":24},"end":{"line":201,"column":3}},"36":{"start":{"line":200,"column":4},"end":{"line":200,"column":28}},"37":{"start":{"line":203,"column":2},"end":{"line":281,"column":4}},"38":{"start":{"line":237,"column":83},"end":{"line":237,"column":102}},"39":{"start":{"line":256,"column":83},"end":{"line":256,"column":102}},"40":{"start":{"line":276,"column":108},"end":{"line":276,"column":136}}},"fnMap":{"0":{"name":"(anonymous_0)","decl":{"start":{"line":134,"column":20},"end":{"line":134,"column":21}},"loc":{"start":{"line":134,"column":42},"end":{"line":282,"column":1}},"line":134},"1":{"name":"(anonymous_1)","decl":{"start":{"line":140,"column":30},"end":{"line":140,"column":31}},"loc":{"start":{"line":140,"column":36},"end":{"line":145,"column":3}},"line":140},"2":{"name":"(anonymous_2)","decl":{"start":{"line":147,"column":30},"end":{"line":147,"column":31}},"loc":{"start":{"line":147,"column":36},"end":{"line":149,"column":3}},"line":147},"3":{"name":"(anonymous_3)","decl":{"start":{"line":166,"column":12},"end":{"line":166,"column":13}},"loc":{"start":{"line":166,"column":18},"end":{"line":176,"column":3}},"line":166},"4":{"name":"(anonymous_4)","decl":{"start":{"line":167,"column":29},"end":{"line":167,"column":30}},"loc":{"start":{"line":167,"column":51},"end":{"line":173,"column":5}},"line":167},"5":{"name":"(anonymous_5)","decl":{"start":{"line":178,"column":30},"end":{"line":178,"column":31}},"loc":{"start":{"line":178,"column":53},"end":{"line":184,"column":3}},"line":178},"6":{"name":"(anonymous_6)","decl":{"start":{"line":186,"column":21},"end":{"line":186,"column":22}},"loc":{"start":{"line":186,"column":44},"end":{"line":195,"column":3}},"line":186},"7":{"name":"(anonymous_7)","decl":{"start":{"line":199,"column":24},"end":{"line":199,"column":25}},"loc":{"start":{"line":199,"column":30},"end":{"line":201,"column":3}},"line":199},"8":{"name":"(anonymous_8)","decl":{"start":{"line":237,"column":77},"end":{"line":237,"column":78}},"loc":{"start":{"line":237,"column":83},"end":{"line":237,"column":102}},"line":237},"9":{"name":"(anonymous_9)","decl":{"start":{"line":256,"column":77},"end":{"line":256,"column":78}},"loc":{"start":{"line":256,"column":83},"end":{"line":256,"column":102}},"line":256},"10":{"name":"(anonymous_10)","decl":{"start":{"line":276,"column":102},"end":{"line":276,"column":103}},"loc":{"start":{"line":276,"column":108},"end":{"line":276,"column":136}},"line":276}},"branchMap":{"0":{"loc":{"start":{"line":168,"column":6},"end":{"line":172,"column":7}},"type":"if","locations":[{"start":{"line":168,"column":6},"end":{"line":172,"column":7}},{"start":{},"end":{}}],"line":168},"1":{"loc":{"start":{"line":168,"column":9},"end":{"line":168,"column":25}},"type":"binary-expr","locations":[{"start":{"line":168,"column":9},"end":{"line":168,"column":12}},{"start":{"line":168,"column":16},"end":{"line":168,"column":25}}],"line":168},"2":{"loc":{"start":{"line":187,"column":4},"end":{"line":192,"column":5}},"type":"if","locations":[{"start":{"line":187,"column":4},"end":{"line":192,"column":5}},{"start":{"line":190,"column":9},"end":{"line":192,"column":5}}],"line":187},"3":{"loc":{"start":{"line":224,"column":11},"end":{"line":226,"column":13}},"type":"cond-expr","locations":[{"start":{"line":224,"column":25},"end":{"line":224,"column":29}},{"start":{"line":225,"column":14},"end":{"line":225,"column":88}}],"line":224},"4":{"loc":{"start":{"line":229,"column":11},"end":{"line":231,"column":13}},"type":"cond-expr","locations":[{"start":{"line":229,"column":28},"end":{"line":229,"column":32}},{"start":{"line":230,"column":14},"end":{"line":230,"column":91}}],"line":229},"5":{"loc":{"start":{"line":235,"column":9},"end":{"line":252,"column":18}},"type":"cond-expr","locations":[{"start":{"line":236,"column":10},"end":{"line":251,"column":18}},{"start":{"line":252,"column":14},"end":{"line":252,"column":18}}],"line":235},"6":{"loc":{"start":{"line":254,"column":11},"end":{"line":272,"column":18}},"type":"cond-expr","locations":[{"start":{"line":255,"column":12},"end":{"line":270,"column":18}},{"start":{"line":272,"column":14},"end":{"line":272,"column":18}}],"line":254},"7":{"loc":{"start":{"line":274,"column":9},"end":{"line":278,"column":16}},"type":"cond-expr","locations":[{"start":{"line":275,"column":10},"end":{"line":277,"column":22}},{"start":{"line":278,"column":12},"end":{"line":278,"column":16}}],"line":274}},"s":{"0":6,"1":6,"2":6,"3":6,"4":6,"5":6,"6":6,"7":6,"8":6,"9":139,"10":139,"11":139,"12":139,"13":0,"14":139,"15":0,"16":139,"17":139,"18":136,"19":136,"20":135,"21":0,"22":0,"23":136,"24":139,"25":0,"26":0,"27":0,"28":0,"29":139,"30":0,"31":0,"32":0,"33":0,"34":139,"35":139,"36":0,"37":139,"38":0,"39":0,"40":0},"f":{"0":139,"1":0,"2":0,"3":136,"4":136,"5":0,"6":0,"7":0,"8":0,"9":0,"10":0},"b":{"0":[135,1],"1":[136,135],"2":[0,0],"3":[1,138],"4":[73,66],"5":[2,137],"6":[1,138],"7":[136,3]},"_coverageSchema":"1a1c01bbd47fc00a2c39e90264f33305004495a9","hash":"07fd939fa7e23902f03b0acb8fc9261a2b0f423f"}
,"/home/saurab/Desktop/Blinkist-React-App/blinkist/src/components/organisms/ExtendedNav/index.stories.tsx": {"path":"/home/saurab/Desktop/Blinkist-React-App/blinkist/src/components/organisms/ExtendedNav/index.stories.tsx","statementMap":{"0":{"start":{"line":9,"column":53},"end":{"line":9,"column":102}},"1":{"start":{"line":9,"column":58},"end":{"line":9,"column":102}},"2":{"start":{"line":11,"column":22},"end":{"line":11,"column":39}},"3":{"start":{"line":12,"column":0},"end":{"line":14,"column":1}}},"fnMap":{"0":{"name":"(anonymous_0)","decl":{"start":{"line":9,"column":53},"end":{"line":9,"column":54}},"loc":{"start":{"line":9,"column":58},"end":{"line":9,"column":102}},"line":9}},"branchMap":{},"s":{"0":0,"1":0,"2":0,"3":0},"f":{"0":0},"b":{}}
,"/home/saurab/Desktop/Blinkist-React-App/blinkist/src/components/organisms/ExtendedNav/index.tsx": {"path":"/home/saurab/Desktop/Blinkist-React-App/blinkist/src/components/organisms/ExtendedNav/index.tsx","statementMap":{"0":{"start":{"line":9,"column":22},"end":{"line":13,"column":2}},"1":{"start":{"line":14,"column":19},"end":{"line":23,"column":2}},"2":{"start":{"line":25,"column":16},"end":{"line":78,"column":2}},"3":{"start":{"line":80,"column":27},"end":{"line":121,"column":1}},"4":{"start":{"line":81,"column":15},"end":{"line":81,"column":26}},"5":{"start":{"line":82,"column":19},"end":{"line":82,"column":32}},"6":{"start":{"line":83,"column":36},"end":{"line":86,"column":4}},"7":{"start":{"line":88,"column":2},"end":{"line":93,"column":9}},"8":{"start":{"line":89,"column":4},"end":{"line":92,"column":7}},"9":{"start":{"line":94,"column":32},"end":{"line":96,"column":3}},"10":{"start":{"line":95,"column":4},"end":{"line":95,"column":33}},"11":{"start":{"line":98,"column":2},"end":{"line":120,"column":4}},"12":{"start":{"line":110,"column":12},"end":{"line":114,"column":14}}},"fnMap":{"0":{"name":"(anonymous_0)","decl":{"start":{"line":80,"column":27},"end":{"line":80,"column":28}},"loc":{"start":{"line":80,"column":33},"end":{"line":121,"column":1}},"line":80},"1":{"name":"(anonymous_1)","decl":{"start":{"line":88,"column":12},"end":{"line":88,"column":13}},"loc":{"start":{"line":88,"column":18},"end":{"line":93,"column":3}},"line":88},"2":{"name":"(anonymous_2)","decl":{"start":{"line":94,"column":32},"end":{"line":94,"column":33}},"loc":{"start":{"line":94,"column":38},"end":{"line":96,"column":3}},"line":94},"3":{"name":"(anonymous_3)","decl":{"start":{"line":109,"column":31},"end":{"line":109,"column":32}},"loc":{"start":{"line":109,"column":46},"end":{"line":115,"column":11}},"line":109}},"branchMap":{},"s":{"0":6,"1":6,"2":6,"3":6,"4":9,"5":7,"6":7,"7":7,"8":3,"9":7,"10":1,"11":7,"12":126},"f":{"0":9,"1":3,"2":1,"3":126},"b":{},"_coverageSchema":"1a1c01bbd47fc00a2c39e90264f33305004495a9","hash":"28fbe3807667d8e9163f4aa31713334bfe2b762e"}
,"/home/saurab/Desktop/Blinkist-React-App/blinkist/src/components/organisms/Footer/index.stories.tsx": {"path":"/home/saurab/Desktop/Blinkist-React-App/blinkist/src/components/organisms/Footer/index.stories.tsx","statementMap":{"0":{"start":{"line":10,"column":47},"end":{"line":10,"column":62}},"1":{"start":{"line":10,"column":53},"end":{"line":10,"column":62}},"2":{"start":{"line":12,"column":32},"end":{"line":12,"column":49}},"3":{"start":{"line":14,"column":0},"end":{"line":16,"column":1}}},"fnMap":{"0":{"name":"(anonymous_0)","decl":{"start":{"line":10,"column":47},"end":{"line":10,"column":48}},"loc":{"start":{"line":10,"column":53},"end":{"line":10,"column":62}},"line":10}},"branchMap":{},"s":{"0":0,"1":0,"2":0,"3":0},"f":{"0":0},"b":{}}
,"/home/saurab/Desktop/Blinkist-React-App/blinkist/src/components/organisms/Footer/index.tsx": {"path":"/home/saurab/Desktop/Blinkist-React-App/blinkist/src/components/organisms/Footer/index.tsx","statementMap":{"0":{"start":{"line":10,"column":20},"end":{"line":17,"column":2}},"1":{"start":{"line":19,"column":20},"end":{"line":24,"column":2}},"2":{"start":{"line":25,"column":20},"end":{"line":34,"column":2}},"3":{"start":{"line":36,"column":21},"end":{"line":42,"column":2}},"4":{"start":{"line":44,"column":15},"end":{"line":55,"column":2}},"5":{"start":{"line":56,"column":22},"end":{"line":64,"column":2}},"6":{"start":{"line":66,"column":15},"end":{"line":96,"column":1}},"7":{"start":{"line":67,"column":15},"end":{"line":67,"column":25}},"8":{"start":{"line":68,"column":2},"end":{"line":95,"column":3}}},"fnMap":{"0":{"name":"(anonymous_0)","decl":{"start":{"line":66,"column":15},"end":{"line":66,"column":16}},"loc":{"start":{"line":66,"column":21},"end":{"line":96,"column":1}},"line":66}},"branchMap":{},"s":{"0":5,"1":5,"2":5,"3":5,"4":5,"5":5,"6":5,"7":4,"8":4},"f":{"0":4},"b":{},"_coverageSchema":"1a1c01bbd47fc00a2c39e90264f33305004495a9","hash":"1c4d743079f97cb5438434956efd7dfac24050dc"}
,"/home/saurab/Desktop/Blinkist-React-App/blinkist/src/components/organisms/Header/index.stories.tsx": {"path":"/home/saurab/Desktop/Blinkist-React-App/blinkist/src/components/organisms/Header/index.stories.tsx","statementMap":{"0":{"start":{"line":9,"column":57},"end":{"line":9,"column":82}},"1":{"start":{"line":9,"column":63},"end":{"line":9,"column":82}},"2":{"start":{"line":11,"column":24},"end":{"line":11,"column":41}}},"fnMap":{"0":{"name":"(anonymous_0)","decl":{"start":{"line":9,"column":57},"end":{"line":9,"column":58}},"loc":{"start":{"line":9,"column":63},"end":{"line":9,"column":82}},"line":9}},"branchMap":{},"s":{"0":0,"1":0,"2":0},"f":{"0":0},"b":{}}
,"/home/saurab/Desktop/Blinkist-React-App/blinkist/src/components/organisms/Header/index.tsx": {"path":"/home/saurab/Desktop/Blinkist-React-App/blinkist/src/components/organisms/Header/index.tsx","statementMap":{"0":{"start":{"line":14,"column":22},"end":{"line":24,"column":2}},"1":{"start":{"line":26,"column":18},"end":{"line":74,"column":2}},"2":{"start":{"line":76,"column":31},"end":{"line":131,"column":1}},"3":{"start":{"line":77,"column":30},"end":{"line":77,"column":45}},"4":{"start":{"line":78,"column":29},"end":{"line":78,"column":44}},"5":{"start":{"line":79,"column":40},"end":{"line":81,"column":4}},"6":{"start":{"line":83,"column":32},"end":{"line":85,"column":3}},"7":{"start":{"line":84,"column":4},"end":{"line":84,"column":51}},"8":{"start":{"line":87,"column":32},"end":{"line":94,"column":3}},"9":{"start":{"line":88,"column":4},"end":{"line":88,"column":51}},"10":{"start":{"line":89,"column":4},"end":{"line":93,"column":5}},"11":{"start":{"line":90,"column":6},"end":{"line":90,"column":53}},"12":{"start":{"line":92,"column":6},"end":{"line":92,"column":55}},"13":{"start":{"line":96,"column":15},"end":{"line":96,"column":26}},"14":{"start":{"line":98,"column":17},"end":{"line":98,"column":30}},"15":{"start":{"line":100,"column":17},"end":{"line":102,"column":3}},"16":{"start":{"line":101,"column":4},"end":{"line":101,"column":17}},"17":{"start":{"line":104,"column":2},"end":{"line":130,"column":4}}},"fnMap":{"0":{"name":"(anonymous_0)","decl":{"start":{"line":76,"column":31},"end":{"line":76,"column":32}},"loc":{"start":{"line":76,"column":37},"end":{"line":131,"column":1}},"line":76},"1":{"name":"(anonymous_1)","decl":{"start":{"line":83,"column":32},"end":{"line":83,"column":33}},"loc":{"start":{"line":83,"column":38},"end":{"line":85,"column":3}},"line":83},"2":{"name":"(anonymous_2)","decl":{"start":{"line":87,"column":32},"end":{"line":87,"column":33}},"loc":{"start":{"line":87,"column":38},"end":{"line":94,"column":3}},"line":87},"3":{"name":"(anonymous_3)","decl":{"start":{"line":100,"column":17},"end":{"line":100,"column":18}},"loc":{"start":{"line":100,"column":23},"end":{"line":102,"column":3}},"line":100}},"branchMap":{"0":{"loc":{"start":{"line":84,"column":4},"end":{"line":84,"column":50}},"type":"cond-expr","locations":[{"start":{"line":84,"column":14},"end":{"line":84,"column":31}},{"start":{"line":84,"column":34},"end":{"line":84,"column":50}}],"line":84},"1":{"loc":{"start":{"line":88,"column":4},"end":{"line":88,"column":50}},"type":"cond-expr","locations":[{"start":{"line":88,"column":14},"end":{"line":88,"column":31}},{"start":{"line":88,"column":34},"end":{"line":88,"column":50}}],"line":88},"2":{"loc":{"start":{"line":89,"column":4},"end":{"line":93,"column":5}},"type":"if","locations":[{"start":{"line":89,"column":4},"end":{"line":93,"column":5}},{"start":{"line":91,"column":11},"end":{"line":93,"column":5}}],"line":89},"3":{"loc":{"start":{"line":126,"column":9},"end":{"line":126,"column":41}},"type":"cond-expr","locations":[{"start":{"line":126,"column":19},"end":{"line":126,"column":34}},{"start":{"line":126,"column":37},"end":{"line":126,"column":41}}],"line":126}},"s":{"0":5,"1":5,"2":5,"3":6,"4":5,"5":5,"6":5,"7":0,"8":5,"9":1,"10":1,"11":0,"12":1,"13":5,"14":5,"15":5,"16":0,"17":5},"f":{"0":6,"1":0,"2":1,"3":0},"b":{"0":[0,0],"1":[0,1],"2":[0,1],"3":[1,4]},"_coverageSchema":"1a1c01bbd47fc00a2c39e90264f33305004495a9","hash":"0d22649323a602d9c16a47c6d73b0d41ef6e2708"}
,"/home/saurab/Desktop/Blinkist-React-App/blinkist/src/components/organisms/SearchBarFunction/index.tsx": {"path":"/home/saurab/Desktop/Blinkist-React-App/blinkist/src/components/organisms/SearchBarFunction/index.tsx","statementMap":{"0":{"start":{"line":8,"column":18},"end":{"line":38,"column":2}},"1":{"start":{"line":40,"column":18},"end":{"line":40,"column":29}},"2":{"start":{"line":42,"column":21},"end":{"line":44,"column":3}},"3":{"start":{"line":43,"column":4},"end":{"line":43,"column":19}},"4":{"start":{"line":46,"column":2},"end":{"line":60,"column":4}},"5":{"start":{"line":56,"column":25},"end":{"line":56,"column":51}}},"fnMap":{"0":{"name":"Sizes","decl":{"start":{"line":39,"column":24},"end":{"line":39,"column":29}},"loc":{"start":{"line":39,"column":57},"end":{"line":61,"column":1}},"line":39},"1":{"name":"(anonymous_1)","decl":{"start":{"line":42,"column":21},"end":{"line":42,"column":22}},"loc":{"start":{"line":42,"column":34},"end":{"line":44,"column":3}},"line":42},"2":{"name":"(anonymous_2)","decl":{"start":{"line":56,"column":16},"end":{"line":56,"column":17}},"loc":{"start":{"line":56,"column":25},"end":{"line":56,"column":51}},"line":56}},"branchMap":{},"s":{"0":3,"1":3,"2":3,"3":0,"4":3,"5":0},"f":{"0":3,"1":0,"2":0},"b":{},"_coverageSchema":"1a1c01bbd47fc00a2c39e90264f33305004495a9","hash":"eb2045329b29e5e09d1bd9ab278555fe187daa60"}
,"/home/saurab/Desktop/Blinkist-React-App/blinkist/src/components/organisms/Tabs/index.stories.tsx": {"path":"/home/saurab/Desktop/Blinkist-React-App/blinkist/src/components/organisms/Tabs/index.stories.tsx","statementMap":{"0":{"start":{"line":9,"column":44},"end":{"line":9,"column":58}},"1":{"start":{"line":9,"column":50},"end":{"line":9,"column":58}},"2":{"start":{"line":11,"column":28},"end":{"line":11,"column":45}},"3":{"start":{"line":12,"column":0},"end":{"line":14,"column":1}}},"fnMap":{"0":{"name":"(anonymous_0)","decl":{"start":{"line":9,"column":44},"end":{"line":9,"column":45}},"loc":{"start":{"line":9,"column":50},"end":{"line":9,"column":58}},"line":9}},"branchMap":{},"s":{"0":0,"1":0,"2":0,"3":0},"f":{"0":0},"b":{}}
,"/home/saurab/Desktop/Blinkist-React-App/blinkist/src/components/organisms/Tabs/index.tsx": {"path":"/home/saurab/Desktop/Blinkist-React-App/blinkist/src/components/organisms/Tabs/index.tsx","statementMap":{"0":{"start":{"line":9,"column":20},"end":{"line":12,"column":2}},"1":{"start":{"line":14,"column":20},"end":{"line":16,"column":2}},"2":{"start":{"line":18,"column":18},"end":{"line":25,"column":2}},"3":{"start":{"line":27,"column":16},"end":{"line":39,"column":2}},"4":{"start":{"line":41,"column":20},"end":{"line":178,"column":1}},"5":{"start":{"line":42,"column":26},"end":{"line":42,"column":39}},"6":{"start":{"line":44,"column":21},"end":{"line":47,"column":3}},"7":{"start":{"line":45,"column":4},"end":{"line":45,"column":22}},"8":{"start":{"line":46,"column":4},"end":{"line":46,"column":23}},"9":{"start":{"line":49,"column":28},"end":{"line":64,"column":4}},"10":{"start":{"line":66,"column":26},"end":{"line":66,"column":37}},"11":{"start":{"line":67,"column":19},"end":{"line":72,"column":3}},"12":{"start":{"line":68,"column":21},"end":{"line":68,"column":47}},"13":{"start":{"line":69,"column":17},"end":{"line":69,"column":30}},"14":{"start":{"line":71,"column":4},"end":{"line":71,"column":19}},"15":{"start":{"line":74,"column":23},"end":{"line":76,"column":3}},"16":{"start":{"line":75,"column":4},"end":{"line":75,"column":23}},"17":{"start":{"line":78,"column":2},"end":{"line":80,"column":14}},"18":{"start":{"line":79,"column":4},"end":{"line":79,"column":15}},"19":{"start":{"line":82,"column":15},"end":{"line":82,"column":26}},"20":{"start":{"line":84,"column":2},"end":{"line":177,"column":4}},"21":{"start":{"line":132,"column":36},"end":{"line":132,"column":59}},"22":{"start":{"line":134,"column":20},"end":{"line":147,"column":22}},"23":{"start":{"line":154,"column":36},"end":{"line":154,"column":58}},"24":{"start":{"line":156,"column":20},"end":{"line":169,"column":22}}},"fnMap":{"0":{"name":"(anonymous_0)","decl":{"start":{"line":41,"column":20},"end":{"line":41,"column":21}},"loc":{"start":{"line":41,"column":26},"end":{"line":178,"column":1}},"line":41},"1":{"name":"(anonymous_1)","decl":{"start":{"line":44,"column":21},"end":{"line":44,"column":22}},"loc":{"start":{"line":44,"column":72},"end":{"line":47,"column":3}},"line":44},"2":{"name":"(anonymous_2)","decl":{"start":{"line":67,"column":19},"end":{"line":67,"column":20}},"loc":{"start":{"line":67,"column":31},"end":{"line":72,"column":3}},"line":67},"3":{"name":"(anonymous_3)","decl":{"start":{"line":74,"column":23},"end":{"line":74,"column":24}},"loc":{"start":{"line":74,"column":29},"end":{"line":76,"column":3}},"line":74},"4":{"name":"(anonymous_4)","decl":{"start":{"line":78,"column":12},"end":{"line":78,"column":13}},"loc":{"start":{"line":78,"column":18},"end":{"line":80,"column":3}},"line":78},"5":{"name":"(anonymous_5)","decl":{"start":{"line":132,"column":26},"end":{"line":132,"column":27}},"loc":{"start":{"line":132,"column":36},"end":{"line":132,"column":59}},"line":132},"6":{"name":"(anonymous_6)","decl":{"start":{"line":133,"column":23},"end":{"line":133,"column":24}},"loc":{"start":{"line":133,"column":40},"end":{"line":148,"column":19}},"line":133},"7":{"name":"(anonymous_7)","decl":{"start":{"line":154,"column":26},"end":{"line":154,"column":27}},"loc":{"start":{"line":154,"column":36},"end":{"line":154,"column":58}},"line":154},"8":{"name":"(anonymous_8)","decl":{"start":{"line":155,"column":23},"end":{"line":155,"column":24}},"loc":{"start":{"line":155,"column":40},"end":{"line":170,"column":19}},"line":155}},"branchMap":{},"s":{"0":2,"1":2,"2":2,"3":2,"4":2,"5":1,"6":1,"7":0,"8":0,"9":1,"10":1,"11":1,"12":1,"13":0,"14":0,"15":1,"16":0,"17":1,"18":1,"19":1,"20":1,"21":1,"22":1,"23":1,"24":0},"f":{"0":1,"1":0,"2":1,"3":0,"4":1,"5":1,"6":1,"7":1,"8":0},"b":{},"_coverageSchema":"1a1c01bbd47fc00a2c39e90264f33305004495a9","hash":"98e6483a9dd8b3f9d65b2f1add135cb6ff20647c"}
,"/home/saurab/Desktop/Blinkist-React-App/blinkist/src/components/templates/BookDetails/index.stories.tsx": {"path":"/home/saurab/Desktop/Blinkist-React-App/blinkist/src/components/templates/BookDetails/index.stories.tsx","statementMap":{"0":{"start":{"line":13,"column":40},"end":{"line":13,"column":102}},"1":{"start":{"line":13,"column":48},"end":{"line":13,"column":102}},"2":{"start":{"line":15,"column":35},"end":{"line":15,"column":52}},"3":{"start":{"line":16,"column":0},"end":{"line":18,"column":1}}},"fnMap":{"0":{"name":"(anonymous_0)","decl":{"start":{"line":13,"column":40},"end":{"line":13,"column":41}},"loc":{"start":{"line":13,"column":48},"end":{"line":13,"column":102}},"line":13}},"branchMap":{},"s":{"0":0,"1":0,"2":0,"3":0},"f":{"0":0},"b":{}}
,"/home/saurab/Desktop/Blinkist-React-App/blinkist/src/components/templates/BookDetails/index.tsx": {"path":"/home/saurab/Desktop/Blinkist-React-App/blinkist/src/components/templates/BookDetails/index.tsx","statementMap":{"0":{"start":{"line":12,"column":20},"end":{"line":15,"column":2}},"1":{"start":{"line":22,"column":27},"end":{"line":33,"column":1}},"2":{"start":{"line":23,"column":18},"end":{"line":23,"column":23}},"3":{"start":{"line":24,"column":2},"end":{"line":32,"column":4}}},"fnMap":{"0":{"name":"(anonymous_0)","decl":{"start":{"line":22,"column":27},"end":{"line":22,"column":28}},"loc":{"start":{"line":22,"column":56},"end":{"line":33,"column":1}},"line":22}},"branchMap":{},"s":{"0":1,"1":1,"2":1,"3":1},"f":{"0":1},"b":{},"_coverageSchema":"1a1c01bbd47fc00a2c39e90264f33305004495a9","hash":"663e19c36044908378c235a864657a0bf75c7acd"}
,"/home/saurab/Desktop/Blinkist-React-App/blinkist/src/components/templates/EntrepreneurshipCategory/index.stories.tsx": {"path":"/home/saurab/Desktop/Blinkist-React-App/blinkist/src/components/templates/EntrepreneurshipCategory/index.stories.tsx","statementMap":{"0":{"start":{"line":14,"column":45},"end":{"line":14,"column":112}},"1":{"start":{"line":14,"column":53},"end":{"line":14,"column":112}},"2":{"start":{"line":16,"column":36},"end":{"line":16,"column":53}},"3":{"start":{"line":17,"column":0},"end":{"line":24,"column":1}}},"fnMap":{"0":{"name":"(anonymous_0)","decl":{"start":{"line":14,"column":45},"end":{"line":14,"column":46}},"loc":{"start":{"line":14,"column":53},"end":{"line":14,"column":112}},"line":14}},"branchMap":{},"s":{"0":0,"1":0,"2":0,"3":0},"f":{"0":0},"b":{}}
,"/home/saurab/Desktop/Blinkist-React-App/blinkist/src/components/templates/EntrepreneurshipCategory/index.tsx": {"path":"/home/saurab/Desktop/Blinkist-React-App/blinkist/src/components/templates/EntrepreneurshipCategory/index.tsx","statementMap":{"0":{"start":{"line":18,"column":20},"end":{"line":22,"column":2}},"1":{"start":{"line":25,"column":22},"end":{"line":29,"column":2}},"2":{"start":{"line":31,"column":21},"end":{"line":35,"column":2}},"3":{"start":{"line":37,"column":22},"end":{"line":41,"column":2}},"4":{"start":{"line":43,"column":21},"end":{"line":47,"column":2}},"5":{"start":{"line":49,"column":17},"end":{"line":53,"column":2}},"6":{"start":{"line":55,"column":32},"end":{"line":76,"column":1}},"7":{"start":{"line":56,"column":74},"end":{"line":56,"column":79}},"8":{"start":{"line":57,"column":4},"end":{"line":75,"column":5}}},"fnMap":{"0":{"name":"(anonymous_0)","decl":{"start":{"line":55,"column":32},"end":{"line":55,"column":33}},"loc":{"start":{"line":55,"column":66},"end":{"line":76,"column":1}},"line":55}},"branchMap":{},"s":{"0":2,"1":2,"2":2,"3":2,"4":2,"5":2,"6":2,"7":2,"8":2},"f":{"0":2},"b":{},"_coverageSchema":"1a1c01bbd47fc00a2c39e90264f33305004495a9","hash":"ecfa76c9689469e36ee661e1d166ae65d00288f2"}
,"/home/saurab/Desktop/Blinkist-React-App/blinkist/src/components/templates/MyLibrary/index.tsx": {"path":"/home/saurab/Desktop/Blinkist-React-App/blinkist/src/components/templates/MyLibrary/index.tsx","statementMap":{"0":{"start":{"line":15,"column":25},"end":{"line":41,"column":1}},"1":{"start":{"line":16,"column":17},"end":{"line":16,"column":22}},"2":{"start":{"line":18,"column":4},"end":{"line":40,"column":5}}},"fnMap":{"0":{"name":"(anonymous_0)","decl":{"start":{"line":15,"column":25},"end":{"line":15,"column":26}},"loc":{"start":{"line":15,"column":52},"end":{"line":41,"column":1}},"line":15}},"branchMap":{},"s":{"0":1,"1":0,"2":0},"f":{"0":0},"b":{},"_coverageSchema":"1a1c01bbd47fc00a2c39e90264f33305004495a9","hash":"19a787e0fd417a6ca1d724cf0027229ddbfdf41a"}
,"/home/saurab/Desktop/Blinkist-React-App/blinkist/src/components/themes/theme.tsx": {"path":"/home/saurab/Desktop/Blinkist-React-App/blinkist/src/components/themes/theme.tsx","statementMap":{"0":{"start":{"line":3,"column":14},"end":{"line":75,"column":2}}},"fnMap":{},"branchMap":{},"s":{"0":13},"f":{},"b":{},"_coverageSchema":"1a1c01bbd47fc00a2c39e90264f33305004495a9","hash":"081a98ae9d3066b67fd8ca7a6eaabfb2a22f1564"}
,"/home/saurab/Desktop/Blinkist-React-App/blinkist/src/data/BannerData.tsx": {"path":"/home/saurab/Desktop/Blinkist-React-App/blinkist/src/data/BannerData.tsx","statementMap":{"0":{"start":{"line":1,"column":19},"end":{"line":5,"column":1}}},"fnMap":{},"branchMap":{},"s":{"0":3},"f":{},"b":{},"_coverageSchema":"1a1c01bbd47fc00a2c39e90264f33305004495a9","hash":"ee8ac7a003e63fe702f0539b8261ab2c69b4ad4e"}
,"/home/saurab/Desktop/Blinkist-React-App/blinkist/src/data/Constants.tsx": {"path":"/home/saurab/Desktop/Blinkist-React-App/blinkist/src/data/Constants.tsx","statementMap":{"0":{"start":{"line":1,"column":25},"end":{"line":25,"column":3}}},"fnMap":{},"branchMap":{},"s":{"0":7},"f":{},"b":{},"_coverageSchema":"1a1c01bbd47fc00a2c39e90264f33305004495a9","hash":"21aec8f72b193fe3b817505907cf8e59c8b9ff43"}
,"/home/saurab/Desktop/Blinkist-React-App/blinkist/src/data/ExtendedNavData.tsx": {"path":"/home/saurab/Desktop/Blinkist-React-App/blinkist/src/data/ExtendedNavData.tsx","statementMap":{"0":{"start":{"line":20,"column":24},"end":{"line":93,"column":1}}},"fnMap":{},"branchMap":{},"s":{"0":6},"f":{},"b":{},"_coverageSchema":"1a1c01bbd47fc00a2c39e90264f33305004495a9","hash":"622de403e910e2dfee9a11014cfe63541c738bdd"}
,"/home/saurab/Desktop/Blinkist-React-App/blinkist/src/data/FooterNavData.tsx": {"path":"/home/saurab/Desktop/Blinkist-React-App/blinkist/src/data/FooterNavData.tsx","statementMap":{"0":{"start":{"line":1,"column":29},"end":{"line":32,"column":1}}},"fnMap":{},"branchMap":{},"s":{"0":6},"f":{},"b":{},"_coverageSchema":"1a1c01bbd47fc00a2c39e90264f33305004495a9","hash":"2ec3de40a1a60ea417988abf2ee87969fa29695d"}
,"/home/saurab/Desktop/Blinkist-React-App/blinkist/src/data/Library.tsx": {"path":"/home/saurab/Desktop/Blinkist-React-App/blinkist/src/data/Library.tsx","statementMap":{"0":{"start":{"line":13,"column":16},"end":{"line":168,"column":1}}},"fnMap":{},"branchMap":{},"s":{"0":3},"f":{},"b":{},"_coverageSchema":"1a1c01bbd47fc00a2c39e90264f33305004495a9","hash":"6d9239869100a22e494d4e0c219112304138050e"}
,"/home/saurab/Desktop/Blinkist-React-App/blinkist/src/pages/BookDetails/index.tsx": {"path":"/home/saurab/Desktop/Blinkist-React-App/blinkist/src/pages/BookDetails/index.tsx","statementMap":{"0":{"start":{"line":6,"column":24},"end":{"line":12,"column":1}},"1":{"start":{"line":7,"column":4},"end":{"line":11,"column":5}}},"fnMap":{"0":{"name":"(anonymous_0)","decl":{"start":{"line":6,"column":24},"end":{"line":6,"column":25}},"loc":{"start":{"line":6,"column":30},"end":{"line":12,"column":1}},"line":6}},"branchMap":{},"s":{"0":0,"1":0},"f":{"0":0},"b":{}}
,"/home/saurab/Desktop/Blinkist-React-App/blinkist/src/pages/Entrepreneurship/index.tsx": {"path":"/home/saurab/Desktop/Blinkist-React-App/blinkist/src/pages/Entrepreneurship/index.tsx","statementMap":{"0":{"start":{"line":10,"column":29},"end":{"line":41,"column":1}},"1":{"start":{"line":14,"column":26},"end":{"line":14,"column":38}},"2":{"start":{"line":18,"column":4},"end":{"line":40,"column":5}}},"fnMap":{"0":{"name":"(anonymous_0)","decl":{"start":{"line":10,"column":29},"end":{"line":10,"column":30}},"loc":{"start":{"line":10,"column":35},"end":{"line":41,"column":1}},"line":10}},"branchMap":{},"s":{"0":1,"1":1,"2":1},"f":{"0":1},"b":{},"_coverageSchema":"1a1c01bbd47fc00a2c39e90264f33305004495a9","hash":"6ac745d2182341970a2e8a3ad29df81257c9a752"}
,"/home/saurab/Desktop/Blinkist-React-App/blinkist/src/pages/MyLibrary/index.tsx": {"path":"/home/saurab/Desktop/Blinkist-React-App/blinkist/src/pages/MyLibrary/index.tsx","statementMap":{"0":{"start":{"line":4,"column":20},"end":{"line":10,"column":1}},"1":{"start":{"line":5,"column":4},"end":{"line":9,"column":5}}},"fnMap":{"0":{"name":"(anonymous_0)","decl":{"start":{"line":4,"column":20},"end":{"line":4,"column":21}},"loc":{"start":{"line":4,"column":26},"end":{"line":10,"column":1}},"line":4}},"branchMap":{},"s":{"0":0,"1":0},"f":{"0":0},"b":{}}
}
